Removed Pin From Net: NetName=V12 Pin=U2-1
Removed Pin From Net: NetName=NetC5_2 Pin=U2-2
Removed Pin From Net: NetName=NetR8_1 Pin=U2-3
Removed Pin From Net: NetName=NetC8_2 Pin=U2-4
Removed Pin From Net: NetName=AGND1 Pin=U2-5
Removed Pin From Net: NetName=NetQ3_3 Pin=U2-7
Removed Pin From Net: NetName=GND Pin=U2-9
Removed Pin From Net: NetName=NetQ1_1 Pin=U2-10
Removed Pin From Net: NetName=NetC7_2 Pin=U2-11
Removed Pin From Net: NetName=NetQ1_2 Pin=U2-12
Removed Pin From Net: NetName=NetR5_1 Pin=U2-13
Removed Pin From Net: NetName=NetR3_2 Pin=U2-14
Removed Pin From Net: NetName=GND Pin=U2-15
Added Component: Designator=C33(CAPC2012N)
Added Component: Designator=C34(CAPC2012N)
Added Component: Designator=C35(CAPC2012N)
Added Component: Designator=C36(CAPC2012N)
Added Component: Designator=U2(TSOP65P640_HS-14N)
Added Pin To Net: NetName=V12 Pin=C33-1
Added Pin To Net: NetName=NetLEDAout_1 Pin=C33-2
Added Pin To Net: NetName=NetLEDAout_4 Pin=C34-1
Added Pin To Net: NetName=V12 Pin=C34-2
Added Pin To Net: NetName=NetLEDAout_2 Pin=C35-1
Added Pin To Net: NetName=V12 Pin=C35-2
Added Pin To Net: NetName=NetLEDAout_3 Pin=C36-1
Added Pin To Net: NetName=V12 Pin=C36-2
Added Pin To Net: NetName=V12 Pin=U2-1
Added Pin To Net: NetName=NetC5_2 Pin=U2-2
Added Pin To Net: NetName=NetR8_1 Pin=U2-3
Added Pin To Net: NetName=NetC8_2 Pin=U2-4
Added Pin To Net: NetName=AGND1 Pin=U2-5
Added Pin To Net: NetName=NetQ3_3 Pin=U2-7
Added Pin To Net: NetName=GND Pin=U2-9
Added Pin To Net: NetName=NetQ1_1 Pin=U2-10
Added Pin To Net: NetName=NetC7_2 Pin=U2-11
Added Pin To Net: NetName=NetQ1_2 Pin=U2-12
Added Pin To Net: NetName=NetR5_1 Pin=U2-13
Added Pin To Net: NetName=NetR3_2 Pin=U2-14
Added Pin To Net: NetName=GND Pin=U2-15
Change Net Name : Old Net Name=NetLEDAout_1 New Net Name=NetC33_2
Change Net Name : Old Net Name=NetLEDAout_2 New Net Name=NetC35_1
Change Net Name : Old Net Name=NetLEDAout_3 New Net Name=NetC36_1
Change Net Name : Old Net Name=NetLEDAout_4 New Net Name=NetC34_1
Added Member To Class: ClassName=AQCA-Light-Control-CoolWhite-A0 Member=Component C33 100nF
Added Member To Class: ClassName=AQCA-Light-Control-CoolWhite-A0 Member=Component C34 100nF
Added Member To Class: ClassName=AQCA-Light-Control-Blue-A0 Member=Component C35 100nF
Added Member To Class: ClassName=AQCA-Light-Control-WarmWhite-A0 Member=Component C36 100nF
