Removed Pin From Net: NetName=NetC20_2 Pin=LEDKout-3
Removed Pin From Net: NetName=V12 Pin=U2-1
Removed Pin From Net: NetName=NetC5_2 Pin=U2-2
Removed Pin From Net: NetName=NetR8_1 Pin=U2-3
Removed Pin From Net: NetName=NetC8_2 Pin=U2-4
Removed Pin From Net: NetName=AGND1 Pin=U2-5
Removed Pin From Net: NetName=NetC10_2 Pin=U2-6
Removed Pin From Net: NetName=NetQ3_3 Pin=U2-7
Removed Pin From Net: NetName=GND Pin=U2-9
Removed Pin From Net: NetName=NetQ1_1 Pin=U2-10
Removed Pin From Net: NetName=NetC7_2 Pin=U2-11
Removed Pin From Net: NetName=NetQ1_2 Pin=U2-12
Removed Pin From Net: NetName=NetR5_1 Pin=U2-13
Removed Pin From Net: NetName=NetR3_2 Pin=U2-14
Removed Pin From Net: NetName=GND Pin=U2-15
Added Component: Designator=U2(TSOP65P640_HS-14N)
Added Pin To Net: NetName=V12 Pin=U2-1
Added Pin To Net: NetName=NetC5_2 Pin=U2-2
Added Pin To Net: NetName=NetR8_1 Pin=U2-3
Added Pin To Net: NetName=NetC8_2 Pin=U2-4
Added Pin To Net: NetName=AGND1 Pin=U2-5
Added Pin To Net: NetName=NetC10_2 Pin=U2-6
Added Pin To Net: NetName=NetQ3_3 Pin=U2-7
Added Pin To Net: NetName=GND Pin=U2-9
Added Pin To Net: NetName=NetQ1_1 Pin=U2-10
Added Pin To Net: NetName=NetC7_2 Pin=U2-11
Added Pin To Net: NetName=NetQ1_2 Pin=U2-12
Added Pin To Net: NetName=NetR5_1 Pin=U2-13
Added Pin To Net: NetName=NetR3_2 Pin=U2-14
Added Pin To Net: NetName=GND Pin=U2-15
Change Net Name : Old Net Name=AGND New Net Name=AGND2
Added Pin To Net: NetName=NetLEDKout_3 Pin=LEDKout-3
Added Net: Name=NetLEDKout_3
Added Pin To Net: NetName=NetR14_2 Pin=R14-2
Added Pin To Net: NetName=NetR14_2 Pin=U1-16
Added Net: Name=NetR14_2
