Removed Pin From Net: NetName=GND Pin=BLUEout-2
Removed Pin From Net: NetName=NetBLUEin_4 Pin=BLUEout-3
Removed Pin From Net: NetName=NetBLUEout_1 Pin=LED12-K
Removed Pin From Net: NetName=NetBLUEout_4 Pin=Tempin-1
Removed Pin From Net: NetName=NetTempin_2 Pin=Tempout-1
Removed Pin From Net: NetName=NetTempin_3 Pin=Tempout-2
Removed Pin From Net: NetName=NetTempin_4 Pin=Tempout-3
Removed Pin From Net: NetName=NetLED3_K Pin=WHITEout-1
Removed Pin From Net: NetName=NetLED6_K Pin=WHITEout-2
Removed Pin From Net: NetName=NetLED8_K Pin=WHITEout-3
Removed Pin From Net: NetName=NetLED10_K Pin=WHITEout-4
Added Pin To Net: NetName=NetBLUEin_4 Pin=BLUEout-2
Added Pin To Net: NetName=GND Pin=BLUEout-3
Added Pin To Net: NetName=NetBLUEout_4 Pin=LED12-K
Added Pin To Net: NetName=NetBLUEout_1 Pin=Tempin-1
Added Pin To Net: NetName=NetTempin_4 Pin=Tempout-2
Added Pin To Net: NetName=NetTempin_3 Pin=Tempout-3
Added Pin To Net: NetName=NetTempin_2 Pin=Tempout-4
Added Pin To Net: NetName=NetLED10_K Pin=WHITEout-1
Added Pin To Net: NetName=NetLED8_K Pin=WHITEout-2
Added Pin To Net: NetName=NetLED6_K Pin=WHITEout-3
Added Pin To Net: NetName=NetLED3_K Pin=WHITEout-4
