Removed Pin From Net: NetName=V12 Pin=C1-2
Removed Pin From Net: NetName=GND Pin=C2-1
Removed Pin From Net: NetName=V5 Pin=C2-2
Removed Pin From Net: NetName=NetLED2_K Pin=LED3-A
Removed Pin From Net: NetName=NetLED4_K Pin=LED5-A
Removed Pin From Net: NetName=V5 Pin=U1-1
Removed Pin From Net: NetName=GND Pin=U1-2
Removed Pin From Net: NetName=GND Pin=U1-3
Removed Pin From Net: NetName=GND Pin=U1-6
Removed Pin From Net: NetName=GND Pin=U1-7
Removed Pin From Net: NetName=V12 Pin=U1-8
Removed Pin From Net: NetName=NetLED7_A Pin=WHITEin-3
Removed Pin From Net: NetName=NetLED8_K Pin=WHITEout-2
Removed Pin From Net: NetName=NetLED6_K Pin=WHITEout-3
Removed Pin From Net: NetName=NetLED3_K Pin=WHITEout-4
Removed Member From Class: ClassName=AQCA-Light-Module-A0 Member=C3
Removed Member From Class: ClassName=AQCA-Light-Module-A0 Member=LED9
Removed Member From Class: ClassName=AQCA-Light-Module-A0 Member=LED10
Removed Member From Class: ClassName=AQCA-Light-Module-A0 Member=LED11
Removed Member From Class: ClassName=AQCA-Light-Module-A0 Member=LED12
Removed Member From Class: ClassName=AQCA-Light-Module-A0 Member=U2
Change Component Footprint: Designator=LED7 Old Footprint=LED GW DASPA1 New Footprint=LED XT-E
Change Component Footprint: Designator=LED8 Old Footprint=LED GW DASPA1 New Footprint=LED XT-E
Change Component Footprint: Designator=LED5 Old Footprint=LED MX-6 New Footprint=LED XB-D
Change Component Footprint: Designator=LED6 Old Footprint=LED MX-6 New Footprint=LED XB-D
Change Component Footprint: Designator=LED1 Old Footprint=LED MX-6 New Footprint=LED XP-E
Change Component Footprint: Designator=LED2 Old Footprint=LED MX-6 New Footprint=LED XP-E
Change Component Footprint: Designator=LED3 Old Footprint=LED MX-6 New Footprint=LED XP-E
Change Component Footprint: Designator=LED4 Old Footprint=LED MX-6 New Footprint=LED XP-E
Change Component Comment : Designator=LED7 Old Comment=4000K New Comment=458nm
Change Component Comment : Designator=LED8 Old Comment=4000K New Comment=458nm
Change Component Comment : Designator=LED5 Old Comment=6500K New Comment=3000K
Change Component Comment : Designator=LED6 Old Comment=6500K New Comment=3000K
Change Component Comment : Designator=LED1 Old Comment=6500K New Comment=7500K
Change Component Comment : Designator=LED2 Old Comment=6500K New Comment=7500K
Change Component Comment : Designator=LED3 Old Comment=6500K New Comment=7500K
Change Component Comment : Designator=LED4 Old Comment=6500K New Comment=7500K
Change Component Designator: OldDesignator=BLUEin NewDesignator=SENSEin
Change Component Designator: OldDesignator=BLUEout NewDesignator=SENSEout
Change Component Designator: OldDesignator=C3 NewDesignator=C2
Change Component Designator: OldDesignator=U2 NewDesignator=U1
Change Component Designator: OldDesignator=WHITEin NewDesignator=LEDin
Change Component Designator: OldDesignator=WHITEout NewDesignator=LEDout
Added Pin To Net: NetName=V5 Pin=C1-2
Added Pin To Net: NetName=NetLED3_K Pin=LED4-A
Added Pin To Net: NetName=NetLED7_A Pin=LEDin-4
Added Pin To Net: NetName=NetLED8_K Pin=LEDout-1
Added Pin To Net: NetName=NetLED6_K Pin=LEDout-2
Added Pin To Net: NetName=NetLED4_K Pin=LEDout-3
Added Pin To Net: NetName=NetLED2_K Pin=LEDout-4
Added Pin To Net: NetName=V5 Pin=SENSEin-4
Added Pin To Net: NetName=V5 Pin=SENSEout-1
Change Net Name : Old Net Name=NetBLUEin_1 New Net Name=NetSENSEin_1
Change Net Name : Old Net Name=NetBLUEin_2 New Net Name=NetSENSEin_2
Change Net Name : Old Net Name=NetBLUEout_4 New Net Name=NetSENSEout_4
Change Net Name : Old Net Name=NetC3_2 New Net Name=NetC2_2
Added Pin To Net: NetName=NetLED3_A Pin=LED3-A
Added Pin To Net: NetName=NetLED3_A Pin=LEDin-2
Added Net: Name=NetLED3_A
Added Pin To Net: NetName=NetLED5_A Pin=LED5-A
Added Pin To Net: NetName=NetLED5_A Pin=LEDin-3
Added Net: Name=NetLED5_A
